<?xml version="1.0" ?>
<coverage version="5.5" timestamp="1628816285865" lines-valid="42" lines-covered="34" line-rate="0.8095" branches-covered="0" branches-valid="0" branch-rate="0" complexity="0">
	<!-- Generated by coverage.py: https://coverage.readthedocs.io -->
	<!-- Based on https://raw.githubusercontent.com/cobertura/web/master/htdocs/xml/coverage-04.dtd -->
	<sources>
		<source>C:\Users\alefe\Área de Trabalho\DevPro\Djangopro</source>
	</sources>
	<packages>
		<package name="pypro" line-rate="0.7419" branch-rate="0" complexity="0">
			<classes>
				<class name="asgi.py" filename="pypro/asgi.py" complexity="0" line-rate="0" branch-rate="0">
					<methods/>
					<lines>
						<line number="10" hits="0"/>
						<line number="12" hits="0"/>
						<line number="14" hits="0"/>
						<line number="16" hits="0"/>
					</lines>
				</class>
				<class name="settings.py" filename="pypro/settings.py" complexity="0" line-rate="1" branch-rate="0">
					<methods/>
					<lines>
						<line number="13" hits="1"/>
						<line number="16" hits="1"/>
						<line number="23" hits="1"/>
						<line number="26" hits="1"/>
						<line number="28" hits="1"/>
						<line number="33" hits="1"/>
						<line number="43" hits="1"/>
						<line number="53" hits="1"/>
						<line number="55" hits="1"/>
						<line number="71" hits="1"/>
						<line number="77" hits="1"/>
						<line number="88" hits="1"/>
						<line number="107" hits="1"/>
						<line number="109" hits="1"/>
						<line number="111" hits="1"/>
						<line number="113" hits="1"/>
						<line number="115" hits="1"/>
						<line number="121" hits="1"/>
						<line number="126" hits="1"/>
					</lines>
				</class>
				<class name="urls.py" filename="pypro/urls.py" complexity="0" line-rate="1" branch-rate="0">
					<methods/>
					<lines>
						<line number="16" hits="1"/>
						<line number="17" hits="1"/>
						<line number="18" hits="1"/>
						<line number="20" hits="1"/>
					</lines>
				</class>
				<class name="wsgi.py" filename="pypro/wsgi.py" complexity="0" line-rate="0" branch-rate="0">
					<methods/>
					<lines>
						<line number="10" hits="0"/>
						<line number="12" hits="0"/>
						<line number="14" hits="0"/>
						<line number="16" hits="0"/>
					</lines>
				</class>
				<class name="__init__.py" filename="pypro/__init__.py" complexity="0" line-rate="1" branch-rate="0">
					<methods/>
					<lines/>
				</class>
			</classes>
		</package>
		<package name="pypro.base" line-rate="1" branch-rate="0" complexity="0">
			<classes>
				<class name="__init__.py" filename="pypro/base/__init__.py" complexity="0" line-rate="1" branch-rate="0">
					<methods/>
					<lines/>
				</class>
				<class name="apps.py" filename="pypro/base/apps.py" complexity="0" line-rate="1" branch-rate="0">
					<methods/>
					<lines>
						<line number="1" hits="1"/>
						<line number="4" hits="1"/>
						<line number="5" hits="1"/>
						<line number="6" hits="1"/>
					</lines>
				</class>
				<class name="views.py" filename="pypro/base/views.py" complexity="0" line-rate="1" branch-rate="0">
					<methods/>
					<lines>
						<line number="1" hits="1"/>
						<line number="4" hits="1"/>
						<line number="5" hits="1"/>
					</lines>
				</class>
			</classes>
		</package>
		<package name="pypro.base.migrations" line-rate="1" branch-rate="0" complexity="0">
			<classes>
				<class name="__init__.py" filename="pypro/base/migrations/__init__.py" complexity="0" line-rate="1" branch-rate="0">
					<methods/>
					<lines/>
				</class>
			</classes>
		</package>
		<package name="pypro.base.tests" line-rate="1" branch-rate="0" complexity="0">
			<classes>
				<class name="__init__.py" filename="pypro/base/tests/__init__.py" complexity="0" line-rate="1" branch-rate="0">
					<methods/>
					<lines/>
				</class>
				<class name="test_home.py" filename="pypro/base/tests/test_home.py" complexity="0" line-rate="1" branch-rate="0">
					<methods/>
					<lines>
						<line number="1" hits="1"/>
						<line number="4" hits="1"/>
						<line number="5" hits="1"/>
						<line number="6" hits="1"/>
					</lines>
				</class>
			</classes>
		</package>
	</packages>
</coverage>
